Sun, 05 Feb 2023 08:38:02 GMT [error] : uncaughtException: Cannot read property 'split' of undefined
TypeError: Cannot read property 'split' of undefined
    at module.exports (/home/piazza/Dev/nodejs-learning/MyBlog/src/auth/auth.js:13:39)
    at Layer.handle [as handle_request] (/home/piazza/Dev/nodejs-learning/MyBlog/node_modules/express/lib/router/layer.js:95:5)
    at next (/home/piazza/Dev/nodejs-learning/MyBlog/node_modules/express/lib/router/route.js:144:13)
    at Route.dispatch (/home/piazza/Dev/nodejs-learning/MyBlog/node_modules/express/lib/router/route.js:114:3)
    at Layer.handle [as handle_request] (/home/piazza/Dev/nodejs-learning/MyBlog/node_modules/express/lib/router/layer.js:95:5)
    at /home/piazza/Dev/nodejs-learning/MyBlog/node_modules/express/lib/router/index.js:284:15
    at param (/home/piazza/Dev/nodejs-learning/MyBlog/node_modules/express/lib/router/index.js:365:14)
    at param (/home/piazza/Dev/nodejs-learning/MyBlog/node_modules/express/lib/router/index.js:376:14)
    at Function.process_params (/home/piazza/Dev/nodejs-learning/MyBlog/node_modules/express/lib/router/index.js:421:3)
    at next (/home/piazza/Dev/nodejs-learning/MyBlog/node_modules/express/lib/router/index.js:280:10) 

Sun, 05 Feb 2023 08:39:30 GMT [error] : uncaughtException: Cannot read property 'split' of undefined
TypeError: Cannot read property 'split' of undefined
    at module.exports (/home/piazza/Dev/nodejs-learning/MyBlog/src/auth/auth.js:13:39)
    at Layer.handle [as handle_request] (/home/piazza/Dev/nodejs-learning/MyBlog/node_modules/express/lib/router/layer.js:95:5)
    at next (/home/piazza/Dev/nodejs-learning/MyBlog/node_modules/express/lib/router/route.js:144:13)
    at Route.dispatch (/home/piazza/Dev/nodejs-learning/MyBlog/node_modules/express/lib/router/route.js:114:3)
    at Layer.handle [as handle_request] (/home/piazza/Dev/nodejs-learning/MyBlog/node_modules/express/lib/router/layer.js:95:5)
    at /home/piazza/Dev/nodejs-learning/MyBlog/node_modules/express/lib/router/index.js:284:15
    at param (/home/piazza/Dev/nodejs-learning/MyBlog/node_modules/express/lib/router/index.js:365:14)
    at param (/home/piazza/Dev/nodejs-learning/MyBlog/node_modules/express/lib/router/index.js:376:14)
    at Function.process_params (/home/piazza/Dev/nodejs-learning/MyBlog/node_modules/express/lib/router/index.js:421:3)
    at next (/home/piazza/Dev/nodejs-learning/MyBlog/node_modules/express/lib/router/index.js:280:10) 

Thu, 09 Feb 2023 21:02:55 GMT [error] : uncaughtException: validationResult is not defined
ReferenceError: validationResult is not defined
    at /home/piazza/Dev/nodejs-learning/MyBlog/src/routes/comment/removeComment.js:18:20
    at Layer.handle [as handle_request] (/home/piazza/Dev/nodejs-learning/MyBlog/node_modules/express/lib/router/layer.js:95:5)
    at next (/home/piazza/Dev/nodejs-learning/MyBlog/node_modules/express/lib/router/route.js:144:13)
    at /home/piazza/Dev/nodejs-learning/MyBlog/src/auth/auth.js:31:7
    at /home/piazza/Dev/nodejs-learning/MyBlog/node_modules/jsonwebtoken/verify.js:261:12
    at getSecret (/home/piazza/Dev/nodejs-learning/MyBlog/node_modules/jsonwebtoken/verify.js:97:14)
    at Object.module.exports [as verify] (/home/piazza/Dev/nodejs-learning/MyBlog/node_modules/jsonwebtoken/verify.js:101:10)
    at module.exports (/home/piazza/Dev/nodejs-learning/MyBlog/src/auth/auth.js:17:7)
    at Layer.handle [as handle_request] (/home/piazza/Dev/nodejs-learning/MyBlog/node_modules/express/lib/router/layer.js:95:5)
    at next (/home/piazza/Dev/nodejs-learning/MyBlog/node_modules/express/lib/router/route.js:144:13) 

Sat, 11 Feb 2023 14:58:05 GMT [error] : uncaughtException: Cannot read property 'split' of undefined
TypeError: Cannot read property 'split' of undefined
    at module.exports (/home/piazza/Dev/nodejs-learning/MyBlog/src/auth/auth.js:13:37)
    at Layer.handle [as handle_request] (/home/piazza/Dev/nodejs-learning/MyBlog/node_modules/express/lib/router/layer.js:95:5)
    at next (/home/piazza/Dev/nodejs-learning/MyBlog/node_modules/express/lib/router/route.js:144:13)
    at middleware (/home/piazza/Dev/nodejs-learning/MyBlog/node_modules/express-validator/src/middlewares/check.js:16:13)
    at processTicksAndRejections (internal/process/task_queues.js:95:5) 

Sat, 11 Feb 2023 14:58:41 GMT [error] : uncaughtException: Cannot read property 'split' of undefined
TypeError: Cannot read property 'split' of undefined
    at module.exports (/home/piazza/Dev/nodejs-learning/MyBlog/src/auth/auth.js:13:37)
    at Layer.handle [as handle_request] (/home/piazza/Dev/nodejs-learning/MyBlog/node_modules/express/lib/router/layer.js:95:5)
    at next (/home/piazza/Dev/nodejs-learning/MyBlog/node_modules/express/lib/router/route.js:144:13)
    at middleware (/home/piazza/Dev/nodejs-learning/MyBlog/node_modules/express-validator/src/middlewares/check.js:16:13)
    at processTicksAndRejections (internal/process/task_queues.js:95:5) 

Sat, 11 Feb 2023 14:58:56 GMT [error] : uncaughtException: Cannot read property 'split' of undefined
TypeError: Cannot read property 'split' of undefined
    at module.exports (/home/piazza/Dev/nodejs-learning/MyBlog/src/auth/auth.js:13:37)
    at Layer.handle [as handle_request] (/home/piazza/Dev/nodejs-learning/MyBlog/node_modules/express/lib/router/layer.js:95:5)
    at next (/home/piazza/Dev/nodejs-learning/MyBlog/node_modules/express/lib/router/route.js:144:13)
    at middleware (/home/piazza/Dev/nodejs-learning/MyBlog/node_modules/express-validator/src/middlewares/check.js:16:13)
    at processTicksAndRejections (internal/process/task_queues.js:95:5) 

Sat, 11 Feb 2023 14:58:58 GMT [error] : uncaughtException: Cannot read property 'split' of undefined
TypeError: Cannot read property 'split' of undefined
    at module.exports (/home/piazza/Dev/nodejs-learning/MyBlog/src/auth/auth.js:13:37)
    at Layer.handle [as handle_request] (/home/piazza/Dev/nodejs-learning/MyBlog/node_modules/express/lib/router/layer.js:95:5)
    at next (/home/piazza/Dev/nodejs-learning/MyBlog/node_modules/express/lib/router/route.js:144:13)
    at middleware (/home/piazza/Dev/nodejs-learning/MyBlog/node_modules/express-validator/src/middlewares/check.js:16:13)
    at processTicksAndRejections (internal/process/task_queues.js:95:5) 

Sat, 11 Feb 2023 14:58:58 GMT [error] : uncaughtException: Cannot read property 'split' of undefined
TypeError: Cannot read property 'split' of undefined
    at module.exports (/home/piazza/Dev/nodejs-learning/MyBlog/src/auth/auth.js:13:37)
    at Layer.handle [as handle_request] (/home/piazza/Dev/nodejs-learning/MyBlog/node_modules/express/lib/router/layer.js:95:5)
    at next (/home/piazza/Dev/nodejs-learning/MyBlog/node_modules/express/lib/router/route.js:144:13)
    at middleware (/home/piazza/Dev/nodejs-learning/MyBlog/node_modules/express-validator/src/middlewares/check.js:16:13)
    at processTicksAndRejections (internal/process/task_queues.js:95:5) 

Sat, 11 Feb 2023 15:00:33 GMT [error] : uncaughtException: Cannot read property 'split' of undefined
TypeError: Cannot read property 'split' of undefined
    at module.exports (/home/piazza/Dev/nodejs-learning/MyBlog/src/auth/auth.js:13:37)
    at Layer.handle [as handle_request] (/home/piazza/Dev/nodejs-learning/MyBlog/node_modules/express/lib/router/layer.js:95:5)
    at next (/home/piazza/Dev/nodejs-learning/MyBlog/node_modules/express/lib/router/route.js:144:13)
    at middleware (/home/piazza/Dev/nodejs-learning/MyBlog/node_modules/express-validator/src/middlewares/check.js:16:13)
    at processTicksAndRejections (internal/process/task_queues.js:95:5) 

Sat, 11 Feb 2023 15:04:41 GMT [error] : uncaughtException: Cannot read property 'split' of undefined
TypeError: Cannot read property 'split' of undefined
    at module.exports (/home/piazza/Dev/nodejs-learning/MyBlog/src/auth/auth.js:13:37)
    at Layer.handle [as handle_request] (/home/piazza/Dev/nodejs-learning/MyBlog/node_modules/express/lib/router/layer.js:95:5)
    at next (/home/piazza/Dev/nodejs-learning/MyBlog/node_modules/express/lib/router/route.js:144:13)
    at middleware (/home/piazza/Dev/nodejs-learning/MyBlog/node_modules/express-validator/src/middlewares/check.js:16:13)
    at processTicksAndRejections (internal/process/task_queues.js:95:5) 

Sat, 11 Feb 2023 15:05:26 GMT [error] : uncaughtException: Cannot read property 'split' of undefined
TypeError: Cannot read property 'split' of undefined
    at module.exports (/home/piazza/Dev/nodejs-learning/MyBlog/src/auth/auth.js:13:37)
    at Layer.handle [as handle_request] (/home/piazza/Dev/nodejs-learning/MyBlog/node_modules/express/lib/router/layer.js:95:5)
    at next (/home/piazza/Dev/nodejs-learning/MyBlog/node_modules/express/lib/router/route.js:144:13)
    at middleware (/home/piazza/Dev/nodejs-learning/MyBlog/node_modules/express-validator/src/middlewares/check.js:16:13)
    at processTicksAndRejections (internal/process/task_queues.js:95:5) 

Sat, 11 Feb 2023 15:06:02 GMT [error] : uncaughtException: Cannot read property 'split' of undefined
TypeError: Cannot read property 'split' of undefined
    at module.exports (/home/piazza/Dev/nodejs-learning/MyBlog/src/auth/auth.js:13:37)
    at Layer.handle [as handle_request] (/home/piazza/Dev/nodejs-learning/MyBlog/node_modules/express/lib/router/layer.js:95:5)
    at next (/home/piazza/Dev/nodejs-learning/MyBlog/node_modules/express/lib/router/route.js:144:13)
    at middleware (/home/piazza/Dev/nodejs-learning/MyBlog/node_modules/express-validator/src/middlewares/check.js:16:13)
    at processTicksAndRejections (internal/process/task_queues.js:95:5) 

Sun, 12 Feb 2023 08:59:00 GMT [error] : uncaughtException: Cannot read property 'split' of undefined
TypeError: Cannot read property 'split' of undefined
    at module.exports (/home/piazza/Dev/nodejs-learning/MyBlog/src/auth/auth.js:13:37)
    at Layer.handle [as handle_request] (/home/piazza/Dev/nodejs-learning/MyBlog/node_modules/express/lib/router/layer.js:95:5)
    at next (/home/piazza/Dev/nodejs-learning/MyBlog/node_modules/express/lib/router/route.js:144:13)
    at Route.dispatch (/home/piazza/Dev/nodejs-learning/MyBlog/node_modules/express/lib/router/route.js:114:3)
    at Layer.handle [as handle_request] (/home/piazza/Dev/nodejs-learning/MyBlog/node_modules/express/lib/router/layer.js:95:5)
    at /home/piazza/Dev/nodejs-learning/MyBlog/node_modules/express/lib/router/index.js:284:15
    at Function.process_params (/home/piazza/Dev/nodejs-learning/MyBlog/node_modules/express/lib/router/index.js:346:12)
    at next (/home/piazza/Dev/nodejs-learning/MyBlog/node_modules/express/lib/router/index.js:280:10)
    at /home/piazza/Dev/nodejs-learning/MyBlog/node_modules/express-winston/index.js:429:9
    at Layer.handle [as handle_request] (/home/piazza/Dev/nodejs-learning/MyBlog/node_modules/express/lib/router/layer.js:95:5) 

Sun, 12 Feb 2023 09:08:12 GMT [error] : uncaughtException: Unexpected token } in JSON at position 44
SyntaxError: Unexpected token } in JSON at position 44
    at JSON.parse (<anonymous>)
    at parse (/home/piazza/Dev/nodejs-learning/MyBlog/node_modules/body-parser/lib/types/json.js:89:19)
    at /home/piazza/Dev/nodejs-learning/MyBlog/node_modules/body-parser/lib/read.js:128:18
    at AsyncResource.runInAsyncScope (async_hooks.js:197:9)
    at invokeCallback (/home/piazza/Dev/nodejs-learning/MyBlog/node_modules/raw-body/index.js:231:16)
    at done (/home/piazza/Dev/nodejs-learning/MyBlog/node_modules/raw-body/index.js:220:7)
    at IncomingMessage.onEnd (/home/piazza/Dev/nodejs-learning/MyBlog/node_modules/raw-body/index.js:280:7)
    at IncomingMessage.emit (events.js:412:35)
    at endReadableNT (internal/streams/readable.js:1333:12)
    at processTicksAndRejections (internal/process/task_queues.js:82:21) 

Sun, 12 Feb 2023 09:47:54 GMT [error] : uncaughtException: ObjectId is not defined
ReferenceError: ObjectId is not defined
    at Sanitization.sanitizer (/home/piazza/Dev/nodejs-learning/MyBlog/src/routes/user/getUser.js:40:7)
    at runCustomSanitizer (/home/piazza/Dev/nodejs-learning/MyBlog/node_modules/express-validator/src/context-items/sanitization.js:14:41)
    at Sanitization.run (/home/piazza/Dev/nodejs-learning/MyBlog/node_modules/express-validator/src/context-items/sanitization.js:18:21)
    at /home/piazza/Dev/nodejs-learning/MyBlog/node_modules/express-validator/src/chain/context-runner-impl.js:36:39
    at Array.map (<anonymous>)
    at ContextRunnerImpl.run (/home/piazza/Dev/nodejs-learning/MyBlog/node_modules/express-validator/src/chain/context-runner-impl.js:29:70)
    at middleware (/home/piazza/Dev/nodejs-learning/MyBlog/node_modules/express-validator/src/middlewares/check.js:15:26)
    at Layer.handle [as handle_request] (/home/piazza/Dev/nodejs-learning/MyBlog/node_modules/express/lib/router/layer.js:95:5)
    at next (/home/piazza/Dev/nodejs-learning/MyBlog/node_modules/express/lib/router/route.js:144:13)
    at Route.dispatch (/home/piazza/Dev/nodejs-learning/MyBlog/node_modules/express/lib/router/route.js:114:3) 

